<?xml version="1.0" encoding="UTF-8"?>
<testsuites disabled="0" errors="0" failures="4" tests="4" time="0.0"><testsuite disabled="0" errors="0" failures="4" name="semgrep results" skipped="0" tests="4" time="0"><testcase name="python.security.audit.env-var-default" classname="app.py" file="app.py" line="7"><failure type="INFO" message="Verifique se o valor padrão da variável de ambiente é seguro">os.environ.setdefault(&quot;DD_SERVICE&quot;, &quot;soma-app&quot;)</failure></testcase><testcase name="python.security.audit.env-var-default" classname="app.py" file="app.py" line="8"><failure type="INFO" message="Verifique se o valor padrão da variável de ambiente é seguro">os.environ.setdefault(&quot;DD_ENV&quot;, &quot;dev&quot;)</failure></testcase><testcase name="python.security.audit.env-var-default" classname="app.py" file="app.py" line="9"><failure type="INFO" message="Verifique se o valor padrão da variável de ambiente é seguro">os.environ.setdefault(&quot;DD_VERSION&quot;, &quot;1.0.0&quot;)</failure></testcase><testcase name="python.security.audit.log-injection" classname="app.py" file="app.py" line="29"><failure type="WARNING" message="Possível injeção de log - verifique se os dados de entrada são sanitizados">        logger.info({
            &quot;event&quot;: &quot;soma_executada&quot;,
            &quot;a&quot;: a, &quot;b&quot;: b, &quot;resultado&quot;: r,
            &quot;latency_ms&quot;: round(dur_ms, 2)
        })</failure></testcase></testsuite></testsuites>